{"/home/mitie/ticketing/auth/src/app.ts": {"path":"/home/mitie/ticketing/auth/src/app.ts","statementMap":{"0":{"start":{"line":1,"column":0},"end":{"line":1,"column":30}},"1":{"start":{"line":2,"column":0},"end":{"line":2,"column":30}},"2":{"start":{"line":3,"column":0},"end":{"line":3,"column":35}},"3":{"start":{"line":4,"column":0},"end":{"line":4,"column":43}},"4":{"start":{"line":6,"column":0},"end":{"line":6,"column":58}},"5":{"start":{"line":7,"column":0},"end":{"line":7,"column":47}},"6":{"start":{"line":8,"column":0},"end":{"line":8,"column":49}},"7":{"start":{"line":9,"column":0},"end":{"line":9,"column":47}},"8":{"start":{"line":10,"column":0},"end":{"line":10,"column":59}},"9":{"start":{"line":11,"column":0},"end":{"line":11,"column":57}},"10":{"start":{"line":13,"column":12},"end":{"line":13,"column":21}},"11":{"start":{"line":40,"column":9},"end":{"line":40,"column":12}},"12":{"start":{"line":14,"column":0},"end":{"line":14,"column":29}},"13":{"start":{"line":15,"column":0},"end":{"line":15,"column":16}},"14":{"start":{"line":16,"column":0},"end":{"line":27,"column":null}},"15":{"start":{"line":29,"column":0},"end":{"line":29,"column":27}},"16":{"start":{"line":30,"column":0},"end":{"line":30,"column":22}},"17":{"start":{"line":31,"column":0},"end":{"line":31,"column":23}},"18":{"start":{"line":32,"column":0},"end":{"line":32,"column":22}},"19":{"start":{"line":34,"column":0},"end":{"line":36,"column":null}},"20":{"start":{"line":34,"column":32},"end":{"line":36,"column":2}},"21":{"start":{"line":35,"column":2},"end":{"line":35,"column":28}},"22":{"start":{"line":38,"column":0},"end":{"line":38,"column":22}}},"fnMap":{"0":{"name":"(anonymous_8)","decl":{"start":{"line":34,"column":13},"end":{"line":34,"column":20}},"loc":{"start":{"line":34,"column":32},"end":{"line":36,"column":2}}},"1":{"name":"(anonymous_9)","decl":{"start":{"line":34,"column":32},"end":{"line":34,"column":null}},"loc":{"start":{"line":34,"column":32},"end":{"line":36,"column":1}}}},"branchMap":{},"s":{"0":1,"1":1,"2":1,"3":1,"4":1,"5":1,"6":1,"7":1,"8":1,"9":1,"10":1,"11":1,"12":1,"13":1,"14":1,"15":1,"16":1,"17":1,"18":1,"19":1,"20":0,"21":0,"22":1},"f":{"0":0,"1":0},"b":{}}
,"/home/mitie/ticketing/auth/src/errors/bad-request-error.ts": {"path":"/home/mitie/ticketing/auth/src/errors/bad-request-error.ts","statementMap":{"0":{"start":{"line":1,"column":0},"end":{"line":1,"column":45}},"1":{"start":{"line":7,"column":4},"end":{"line":7,"column":null}},"2":{"start":{"line":6,"column":21},"end":{"line":6,"column":36}},"3":{"start":{"line":4,"column":2},"end":{"line":4,"column":19}},"4":{"start":{"line":9,"column":4},"end":{"line":9,"column":59}},"5":{"start":{"line":13,"column":4},"end":{"line":13,"column":39}},"6":{"start":{"line":3,"column":0},"end":{"line":3,"column":13}}},"fnMap":{"0":{"name":"(anonymous_0)","decl":{"start":{"line":6,"column":2},"end":{"line":6,"column":21}},"loc":{"start":{"line":6,"column":36},"end":{"line":10,"column":3}}},"1":{"name":"(anonymous_1)","decl":{"start":{"line":12,"column":2},"end":{"line":12,"column":17}},"loc":{"start":{"line":12,"column":17},"end":{"line":14,"column":3}}}},"branchMap":{},"s":{"0":1,"1":1,"2":1,"3":1,"4":1,"5":1,"6":1},"f":{"0":1,"1":1},"b":{}}
,"/home/mitie/ticketing/auth/src/errors/custom-error.ts": {"path":"/home/mitie/ticketing/auth/src/errors/custom-error.ts","statementMap":{"0":{"start":{"line":5,"column":4},"end":{"line":5,"column":19}},"1":{"start":{"line":7,"column":4},"end":{"line":7,"column":55}},"2":{"start":{"line":1,"column":0},"end":{"line":1,"column":22}}},"fnMap":{"0":{"name":"(anonymous_0)","decl":{"start":{"line":4,"column":2},"end":{"line":4,"column":14}},"loc":{"start":{"line":4,"column":29},"end":{"line":8,"column":3}}}},"branchMap":{},"s":{"0":5,"1":5,"2":1},"f":{"0":5},"b":{}}
,"/home/mitie/ticketing/auth/src/errors/not-found-error.ts": {"path":"/home/mitie/ticketing/auth/src/errors/not-found-error.ts","statementMap":{"0":{"start":{"line":1,"column":0},"end":{"line":1,"column":45}},"1":{"start":{"line":7,"column":4},"end":{"line":7,"column":30}},"2":{"start":{"line":4,"column":2},"end":{"line":4,"column":19}},"3":{"start":{"line":9,"column":4},"end":{"line":9,"column":57}},"4":{"start":{"line":13,"column":4},"end":{"line":13,"column":39}},"5":{"start":{"line":3,"column":0},"end":{"line":3,"column":13}}},"fnMap":{"0":{"name":"(anonymous_0)","decl":{"start":{"line":6,"column":2},"end":{"line":6,"column":null}},"loc":{"start":{"line":6,"column":2},"end":{"line":10,"column":3}}},"1":{"name":"(anonymous_1)","decl":{"start":{"line":12,"column":2},"end":{"line":12,"column":17}},"loc":{"start":{"line":12,"column":17},"end":{"line":14,"column":3}}}},"branchMap":{},"s":{"0":1,"1":0,"2":0,"3":0,"4":0,"5":1},"f":{"0":0,"1":0},"b":{}}
,"/home/mitie/ticketing/auth/src/errors/request-validation-error.ts": {"path":"/home/mitie/ticketing/auth/src/errors/request-validation-error.ts","statementMap":{"0":{"start":{"line":2,"column":0},"end":{"line":2,"column":45}},"1":{"start":{"line":8,"column":4},"end":{"line":8,"column":39}},"2":{"start":{"line":7,"column":21},"end":{"line":7,"column":46}},"3":{"start":{"line":5,"column":2},"end":{"line":5,"column":19}},"4":{"start":{"line":11,"column":4},"end":{"line":11,"column":66}},"5":{"start":{"line":15,"column":4},"end":{"line":20,"column":7}},"6":{"start":{"line":16,"column":6},"end":{"line":18,"column":7}},"7":{"start":{"line":17,"column":8},"end":{"line":17,"column":53}},"8":{"start":{"line":19,"column":6},"end":{"line":19,"column":34}},"9":{"start":{"line":4,"column":0},"end":{"line":4,"column":13}}},"fnMap":{"0":{"name":"(anonymous_0)","decl":{"start":{"line":7,"column":2},"end":{"line":7,"column":21}},"loc":{"start":{"line":7,"column":46},"end":{"line":12,"column":3}}},"1":{"name":"(anonymous_1)","decl":{"start":{"line":14,"column":2},"end":{"line":14,"column":17}},"loc":{"start":{"line":14,"column":17},"end":{"line":21,"column":3}}},"2":{"name":"(anonymous_2)","decl":{"start":{"line":15,"column":27},"end":{"line":15,"column":28}},"loc":{"start":{"line":15,"column":35},"end":{"line":20,"column":5}}}},"branchMap":{"0":{"loc":{"start":{"line":16,"column":6},"end":{"line":18,"column":7}},"type":"if","locations":[{"start":{"line":16,"column":6},"end":{"line":18,"column":7}}]}},"s":{"0":1,"1":4,"2":4,"3":4,"4":4,"5":4,"6":4,"7":4,"8":0,"9":1},"f":{"0":4,"1":4,"2":4},"b":{"0":[4]}}
,"/home/mitie/ticketing/auth/src/middlewares/current-user.ts": {"path":"/home/mitie/ticketing/auth/src/middlewares/current-user.ts","statementMap":{"0":{"start":{"line":2,"column":0},"end":{"line":2,"column":31}},"1":{"start":{"line":20,"column":27},"end":{"line":34,"column":1}},"2":{"start":{"line":22,"column":2},"end":{"line":24,"column":3}},"3":{"start":{"line":23,"column":4},"end":{"line":23,"column":18}},"4":{"start":{"line":26,"column":2},"end":{"line":31,"column":18}},"5":{"start":{"line":29,"column":20},"end":{"line":29,"column":84}},"6":{"start":{"line":30,"column":4},"end":{"line":30,"column":30}},"7":{"start":{"line":33,"column":2},"end":{"line":33,"column":9}},"8":{"start":{"line":20,"column":13},"end":{"line":20,"column":27}}},"fnMap":{"0":{"name":"(anonymous_1)","decl":{"start":{"line":20,"column":27},"end":{"line":20,"column":28}},"loc":{"start":{"line":20,"column":79},"end":{"line":34,"column":1}}}},"branchMap":{"0":{"loc":{"start":{"line":22,"column":2},"end":{"line":24,"column":3}},"type":"if","locations":[{"start":{"line":22,"column":2},"end":{"line":24,"column":3}}]},"1":{"loc":{"start":{"line":22,"column":6},"end":{"line":22,"column":22}},"type":"cond-expr","locations":[{"start":{"line":22,"column":17},"end":{"line":22,"column":19}},{"start":{"line":22,"column":17},"end":{"line":22,"column":22}}]},"2":{"loc":{"start":{"line":22,"column":6},"end":{"line":22,"column":19}},"type":"binary-expr","locations":[{"start":{"line":22,"column":6},"end":{"line":22,"column":19}},{"start":{"line":22,"column":17},"end":{"line":22,"column":19}}]}},"s":{"0":1,"1":1,"2":0,"3":0,"4":0,"5":0,"6":0,"7":0,"8":1},"f":{"0":0},"b":{"0":[0],"1":[0,0],"2":[0,0]}}
,"/home/mitie/ticketing/auth/src/middlewares/error-handler.ts": {"path":"/home/mitie/ticketing/auth/src/middlewares/error-handler.ts","statementMap":{"0":{"start":{"line":2,"column":0},"end":{"line":2,"column":53}},"1":{"start":{"line":4,"column":28},"end":{"line":12,"column":1}},"2":{"start":{"line":5,"column":2},"end":{"line":7,"column":3}},"3":{"start":{"line":6,"column":4},"end":{"line":6,"column":78}},"4":{"start":{"line":9,"column":2},"end":{"line":11,"column":null}},"5":{"start":{"line":4,"column":13},"end":{"line":4,"column":28}}},"fnMap":{"0":{"name":"(anonymous_0)","decl":{"start":{"line":4,"column":28},"end":{"line":4,"column":29}},"loc":{"start":{"line":4,"column":92},"end":{"line":12,"column":1}}}},"branchMap":{"0":{"loc":{"start":{"line":5,"column":2},"end":{"line":7,"column":3}},"type":"if","locations":[{"start":{"line":5,"column":2},"end":{"line":7,"column":3}}]}},"s":{"0":1,"1":1,"2":5,"3":5,"4":0,"5":1},"f":{"0":5},"b":{"0":[5]}}
,"/home/mitie/ticketing/auth/src/middlewares/validate-request.ts": {"path":"/home/mitie/ticketing/auth/src/middlewares/validate-request.ts","statementMap":{"0":{"start":{"line":2,"column":0},"end":{"line":2,"column":53}},"1":{"start":{"line":3,"column":0},"end":{"line":3,"column":76}},"2":{"start":{"line":5,"column":31},"end":{"line":14,"column":1}},"3":{"start":{"line":6,"column":17},"end":{"line":6,"column":38}},"4":{"start":{"line":9,"column":2},"end":{"line":11,"column":3}},"5":{"start":{"line":10,"column":4},"end":{"line":10,"column":53}},"6":{"start":{"line":13,"column":2},"end":{"line":13,"column":9}},"7":{"start":{"line":5,"column":13},"end":{"line":5,"column":31}}},"fnMap":{"0":{"name":"(anonymous_0)","decl":{"start":{"line":5,"column":31},"end":{"line":5,"column":32}},"loc":{"start":{"line":5,"column":83},"end":{"line":14,"column":1}}}},"branchMap":{"0":{"loc":{"start":{"line":9,"column":2},"end":{"line":11,"column":3}},"type":"if","locations":[{"start":{"line":9,"column":2},"end":{"line":11,"column":3}}]}},"s":{"0":1,"1":1,"2":1,"3":8,"4":8,"5":4,"6":4,"7":1},"f":{"0":8},"b":{"0":[4]}}
,"/home/mitie/ticketing/auth/src/models/user.ts": {"path":"/home/mitie/ticketing/auth/src/models/user.ts","statementMap":{"0":{"start":{"line":1,"column":0},"end":{"line":1,"column":32}},"1":{"start":{"line":2,"column":0},"end":{"line":2,"column":48}},"2":{"start":{"line":26,"column":19},"end":{"line":44,"column":2}},"3":{"start":{"line":38,"column":6},"end":{"line":38,"column":23}},"4":{"start":{"line":39,"column":6},"end":{"line":39,"column":21}},"5":{"start":{"line":40,"column":6},"end":{"line":40,"column":26}},"6":{"start":{"line":41,"column":6},"end":{"line":41,"column":21}},"7":{"start":{"line":51,"column":0},"end":{"line":57,"column":null}},"8":{"start":{"line":52,"column":2},"end":{"line":55,"column":3}},"9":{"start":{"line":53,"column":19},"end":{"line":53,"column":62}},"10":{"start":{"line":54,"column":4},"end":{"line":54,"column":33}},"11":{"start":{"line":56,"column":2},"end":{"line":56,"column":9}},"12":{"start":{"line":59,"column":0},"end":{"line":61,"column":null}},"13":{"start":{"line":60,"column":2},"end":{"line":60,"column":25}},"14":{"start":{"line":63,"column":13},"end":{"line":63,"column":67}},"15":{"start":{"line":68,"column":9},"end":{"line":68,"column":13}}},"fnMap":{"0":{"name":"(anonymous_8)","decl":{"start":{"line":37,"column":4},"end":{"line":37,"column":13}},"loc":{"start":{"line":37,"column":22},"end":{"line":42,"column":5}}},"1":{"name":"(anonymous_9)","decl":{"start":{"line":51,"column":23},"end":{"line":51,"column":39}},"loc":{"start":{"line":51,"column":43},"end":{"line":57,"column":2}}},"2":{"name":"(anonymous_11)","decl":{"start":{"line":59,"column":27},"end":{"line":59,"column":28}},"loc":{"start":{"line":59,"column":48},"end":{"line":61,"column":1}}}},"branchMap":{"0":{"loc":{"start":{"line":52,"column":2},"end":{"line":55,"column":3}},"type":"if","locations":[{"start":{"line":52,"column":2},"end":{"line":55,"column":3}}]}},"s":{"0":1,"1":1,"2":1,"3":3,"4":3,"5":3,"6":3,"7":1,"8":3,"9":3,"10":3,"11":3,"12":1,"13":3,"14":1,"15":1},"f":{"0":3,"1":3,"2":3},"b":{"0":[3]}}
,"/home/mitie/ticketing/auth/src/routes/current-user.ts": {"path":"/home/mitie/ticketing/auth/src/routes/current-user.ts","statementMap":{"0":{"start":{"line":1,"column":0},"end":{"line":1,"column":30}},"1":{"start":{"line":2,"column":0},"end":{"line":2,"column":58}},"2":{"start":{"line":4,"column":15},"end":{"line":4,"column":31}},"3":{"start":{"line":10,"column":19},"end":{"line":10,"column":36}},"4":{"start":{"line":6,"column":0},"end":{"line":8,"column":3}},"5":{"start":{"line":7,"column":2},"end":{"line":7,"column":null}}},"fnMap":{"0":{"name":"(anonymous_1)","decl":{"start":{"line":6,"column":50},"end":{"line":6,"column":51}},"loc":{"start":{"line":6,"column":63},"end":{"line":8,"column":1}}}},"branchMap":{"0":{"loc":{"start":{"line":7,"column":25},"end":{"line":7,"column":48}},"type":"binary-expr","locations":[{"start":{"line":7,"column":25},"end":{"line":7,"column":40}},{"start":{"line":7,"column":44},"end":{"line":7,"column":48}}]}},"s":{"0":1,"1":1,"2":1,"3":1,"4":1,"5":0},"f":{"0":0},"b":{"0":[0,0]}}
,"/home/mitie/ticketing/auth/src/routes/signin.ts": {"path":"/home/mitie/ticketing/auth/src/routes/signin.ts","statementMap":{"0":{"start":{"line":1,"column":0},"end":{"line":1,"column":53}},"1":{"start":{"line":2,"column":0},"end":{"line":2,"column":41}},"2":{"start":{"line":3,"column":0},"end":{"line":3,"column":31}},"3":{"start":{"line":5,"column":0},"end":{"line":5,"column":66}},"4":{"start":{"line":6,"column":0},"end":{"line":6,"column":38}},"5":{"start":{"line":7,"column":0},"end":{"line":7,"column":62}},"6":{"start":{"line":8,"column":0},"end":{"line":8,"column":48}},"7":{"start":{"line":10,"column":15},"end":{"line":10,"column":31}},"8":{"start":{"line":55,"column":19},"end":{"line":55,"column":31}},"9":{"start":{"line":12,"column":0},"end":{"line":53,"column":2}},"10":{"start":{"line":23,"column":40},"end":{"line":52,"column":null}},"11":{"start":{"line":24,"column":32},"end":{"line":24,"column":40}},"12":{"start":{"line":26,"column":25},"end":{"line":26,"column":54}},"13":{"start":{"line":27,"column":4},"end":{"line":29,"column":5}},"14":{"start":{"line":28,"column":6},"end":{"line":28,"column":56}},"15":{"start":{"line":31,"column":27},"end":{"line":31,"column":82}},"16":{"start":{"line":33,"column":4},"end":{"line":35,"column":5}},"17":{"start":{"line":34,"column":6},"end":{"line":34,"column":57}},"18":{"start":{"line":38,"column":20},"end":{"line":44,"column":6}},"19":{"start":{"line":47,"column":4},"end":{"line":49,"column":6}},"20":{"start":{"line":51,"column":4},"end":{"line":51,"column":39}}},"fnMap":{"0":{"name":"(anonymous_8)","decl":{"start":{"line":23,"column":2},"end":{"line":23,"column":9}},"loc":{"start":{"line":23,"column":40},"end":{"line":52,"column":null}}},"1":{"name":"(anonymous_9)","decl":{"start":{"line":23,"column":40},"end":{"line":23,"column":null}},"loc":{"start":{"line":23,"column":40},"end":{"line":52,"column":3}}}},"branchMap":{"0":{"loc":{"start":{"line":27,"column":4},"end":{"line":29,"column":5}},"type":"if","locations":[{"start":{"line":27,"column":4},"end":{"line":29,"column":5}}]},"1":{"loc":{"start":{"line":33,"column":4},"end":{"line":35,"column":5}},"type":"if","locations":[{"start":{"line":33,"column":4},"end":{"line":35,"column":5}}]}},"s":{"0":1,"1":1,"2":1,"3":1,"4":1,"5":1,"6":1,"7":1,"8":1,"9":1,"10":0,"11":0,"12":0,"13":0,"14":0,"15":0,"16":0,"17":0,"18":0,"19":0,"20":0},"f":{"0":0,"1":0},"b":{"0":[0],"1":[0]}}
,"/home/mitie/ticketing/auth/src/routes/signout.ts": {"path":"/home/mitie/ticketing/auth/src/routes/signout.ts","statementMap":{"0":{"start":{"line":1,"column":0},"end":{"line":1,"column":30}},"1":{"start":{"line":3,"column":15},"end":{"line":3,"column":31}},"2":{"start":{"line":11,"column":19},"end":{"line":11,"column":32}},"3":{"start":{"line":5,"column":0},"end":{"line":9,"column":3}},"4":{"start":{"line":6,"column":2},"end":{"line":6,"column":21}},"5":{"start":{"line":8,"column":2},"end":{"line":8,"column":15}}},"fnMap":{"0":{"name":"(anonymous_1)","decl":{"start":{"line":5,"column":34},"end":{"line":5,"column":35}},"loc":{"start":{"line":5,"column":47},"end":{"line":9,"column":1}}}},"branchMap":{},"s":{"0":1,"1":1,"2":1,"3":1,"4":0,"5":0},"f":{"0":0},"b":{}}
,"/home/mitie/ticketing/auth/src/routes/signup.ts": {"path":"/home/mitie/ticketing/auth/src/routes/signup.ts","statementMap":{"0":{"start":{"line":1,"column":0},"end":{"line":1,"column":53}},"1":{"start":{"line":2,"column":0},"end":{"line":2,"column":41}},"2":{"start":{"line":3,"column":0},"end":{"line":3,"column":31}},"3":{"start":{"line":5,"column":0},"end":{"line":5,"column":66}},"4":{"start":{"line":6,"column":0},"end":{"line":6,"column":38}},"5":{"start":{"line":7,"column":0},"end":{"line":7,"column":62}},"6":{"start":{"line":9,"column":15},"end":{"line":9,"column":31}},"7":{"start":{"line":51,"column":19},"end":{"line":51,"column":31}},"8":{"start":{"line":11,"column":0},"end":{"line":49,"column":2}},"9":{"start":{"line":21,"column":40},"end":{"line":48,"column":null}},"10":{"start":{"line":22,"column":32},"end":{"line":22,"column":40}},"11":{"start":{"line":24,"column":25},"end":{"line":24,"column":54}},"12":{"start":{"line":26,"column":4},"end":{"line":28,"column":5}},"13":{"start":{"line":27,"column":6},"end":{"line":27,"column":48}},"14":{"start":{"line":30,"column":17},"end":{"line":30,"column":48}},"15":{"start":{"line":31,"column":4},"end":{"line":31,"column":22}},"16":{"start":{"line":34,"column":20},"end":{"line":40,"column":6}},"17":{"start":{"line":43,"column":4},"end":{"line":45,"column":6}},"18":{"start":{"line":47,"column":4},"end":{"line":47,"column":31}}},"fnMap":{"0":{"name":"(anonymous_8)","decl":{"start":{"line":21,"column":2},"end":{"line":21,"column":9}},"loc":{"start":{"line":21,"column":40},"end":{"line":48,"column":null}}},"1":{"name":"(anonymous_9)","decl":{"start":{"line":21,"column":40},"end":{"line":21,"column":null}},"loc":{"start":{"line":21,"column":40},"end":{"line":48,"column":3}}}},"branchMap":{"0":{"loc":{"start":{"line":26,"column":4},"end":{"line":28,"column":5}},"type":"if","locations":[{"start":{"line":26,"column":4},"end":{"line":28,"column":5}}]}},"s":{"0":1,"1":1,"2":1,"3":1,"4":1,"5":1,"6":1,"7":1,"8":1,"9":4,"10":4,"11":4,"12":4,"13":1,"14":3,"15":3,"16":3,"17":3,"18":3},"f":{"0":4,"1":4},"b":{"0":[1]}}
,"/home/mitie/ticketing/auth/src/services/password.ts": {"path":"/home/mitie/ticketing/auth/src/services/password.ts","statementMap":{"0":{"start":{"line":1,"column":0},"end":{"line":1,"column":45}},"1":{"start":{"line":2,"column":0},"end":{"line":2,"column":33}},"2":{"start":{"line":4,"column":20},"end":{"line":4,"column":37}},"3":{"start":{"line":8,"column":17},"end":{"line":8,"column":47}},"4":{"start":{"line":9,"column":17},"end":{"line":9,"column":54}},"5":{"start":{"line":11,"column":4},"end":{"line":11,"column":44}},"6":{"start":{"line":15,"column":35},"end":{"line":15,"column":60}},"7":{"start":{"line":16,"column":17},"end":{"line":16,"column":62}},"8":{"start":{"line":18,"column":4},"end":{"line":18,"column":50}},"9":{"start":{"line":6,"column":0},"end":{"line":6,"column":13}}},"fnMap":{"0":{"name":"(anonymous_7)","decl":{"start":{"line":7,"column":2},"end":{"line":7,"column":8}},"loc":{"start":{"line":7,"column":38},"end":{"line":12,"column":null}}},"1":{"name":"(anonymous_9)","decl":{"start":{"line":14,"column":2},"end":{"line":14,"column":8}},"loc":{"start":{"line":14,"column":71},"end":{"line":19,"column":null}}}},"branchMap":{},"s":{"0":1,"1":1,"2":1,"3":3,"4":3,"5":3,"6":0,"7":0,"8":0,"9":1},"f":{"0":3,"1":0},"b":{}}
}
