TN:
SF:src/app.ts
FN:34,(anonymous_8)
FN:34,(anonymous_9)
FNF:2
FNH:0
FNDA:0,(anonymous_8)
FNDA:0,(anonymous_9)
DA:1,1
DA:2,1
DA:3,1
DA:4,1
DA:6,1
DA:7,1
DA:8,1
DA:9,1
DA:10,1
DA:11,1
DA:13,1
DA:14,1
DA:15,1
DA:16,1
DA:29,1
DA:30,1
DA:31,1
DA:32,1
DA:34,1
DA:35,0
DA:38,1
DA:40,1
LF:22
LH:21
BRF:0
BRH:0
end_of_record
TN:
SF:src/errors/bad-request-error.ts
FN:6,(anonymous_0)
FN:12,(anonymous_1)
FNF:2
FNH:2
FNDA:1,(anonymous_0)
FNDA:1,(anonymous_1)
DA:1,1
DA:3,1
DA:4,1
DA:6,1
DA:7,1
DA:9,1
DA:13,1
LF:7
LH:7
BRF:0
BRH:0
end_of_record
TN:
SF:src/errors/custom-error.ts
FN:4,(anonymous_0)
FNF:1
FNH:1
FNDA:5,(anonymous_0)
DA:1,1
DA:5,5
DA:7,5
LF:3
LH:3
BRF:0
BRH:0
end_of_record
TN:
SF:src/errors/not-found-error.ts
FN:6,(anonymous_0)
FN:12,(anonymous_1)
FNF:2
FNH:0
FNDA:0,(anonymous_0)
FNDA:0,(anonymous_1)
DA:1,1
DA:3,1
DA:4,0
DA:7,0
DA:9,0
DA:13,0
LF:6
LH:2
BRF:0
BRH:0
end_of_record
TN:
SF:src/errors/request-validation-error.ts
FN:7,(anonymous_0)
FN:14,(anonymous_1)
FN:15,(anonymous_2)
FNF:3
FNH:3
FNDA:4,(anonymous_0)
FNDA:4,(anonymous_1)
FNDA:4,(anonymous_2)
DA:2,1
DA:4,1
DA:5,4
DA:7,4
DA:8,4
DA:11,4
DA:15,4
DA:16,4
DA:17,4
DA:19,0
LF:10
LH:9
BRDA:16,0,0,4
BRF:1
BRH:1
end_of_record
TN:
SF:src/middlewares/current-user.ts
FN:20,(anonymous_1)
FNF:1
FNH:0
FNDA:0,(anonymous_1)
DA:2,1
DA:20,1
DA:22,0
DA:23,0
DA:26,0
DA:29,0
DA:30,0
DA:33,0
LF:8
LH:2
BRDA:22,0,0,0
BRDA:22,1,0,0
BRDA:22,1,1,0
BRDA:22,2,0,0
BRDA:22,2,1,0
BRF:5
BRH:0
end_of_record
TN:
SF:src/middlewares/error-handler.ts
FN:4,(anonymous_0)
FNF:1
FNH:1
FNDA:5,(anonymous_0)
DA:2,1
DA:4,1
DA:5,5
DA:6,5
DA:9,0
LF:5
LH:4
BRDA:5,0,0,5
BRF:1
BRH:1
end_of_record
TN:
SF:src/middlewares/validate-request.ts
FN:5,(anonymous_0)
FNF:1
FNH:1
FNDA:8,(anonymous_0)
DA:2,1
DA:3,1
DA:5,1
DA:6,8
DA:9,8
DA:10,4
DA:13,4
LF:7
LH:7
BRDA:9,0,0,4
BRF:1
BRH:1
end_of_record
TN:
SF:src/models/user.ts
FN:37,(anonymous_8)
FN:51,(anonymous_9)
FN:59,(anonymous_11)
FNF:3
FNH:3
FNDA:3,(anonymous_8)
FNDA:3,(anonymous_9)
FNDA:3,(anonymous_11)
DA:1,1
DA:2,1
DA:26,1
DA:38,3
DA:39,3
DA:40,3
DA:41,3
DA:51,1
DA:52,3
DA:53,3
DA:54,3
DA:56,3
DA:59,1
DA:60,3
DA:63,1
DA:68,1
LF:16
LH:16
BRDA:52,0,0,3
BRF:1
BRH:1
end_of_record
TN:
SF:src/routes/current-user.ts
FN:6,(anonymous_1)
FNF:1
FNH:0
FNDA:0,(anonymous_1)
DA:1,1
DA:2,1
DA:4,1
DA:6,1
DA:7,0
DA:10,1
LF:6
LH:5
BRDA:7,0,0,0
BRDA:7,0,1,0
BRF:2
BRH:0
end_of_record
TN:
SF:src/routes/signin.ts
FN:23,(anonymous_8)
FN:23,(anonymous_9)
FNF:2
FNH:0
FNDA:0,(anonymous_8)
FNDA:0,(anonymous_9)
DA:1,1
DA:2,1
DA:3,1
DA:5,1
DA:6,1
DA:7,1
DA:8,1
DA:10,1
DA:12,1
DA:23,0
DA:24,0
DA:26,0
DA:27,0
DA:28,0
DA:31,0
DA:33,0
DA:34,0
DA:38,0
DA:47,0
DA:51,0
DA:55,1
LF:21
LH:10
BRDA:27,0,0,0
BRDA:33,1,0,0
BRF:2
BRH:0
end_of_record
TN:
SF:src/routes/signout.ts
FN:5,(anonymous_1)
FNF:1
FNH:0
FNDA:0,(anonymous_1)
DA:1,1
DA:3,1
DA:5,1
DA:6,0
DA:8,0
DA:11,1
LF:6
LH:4
BRF:0
BRH:0
end_of_record
TN:
SF:src/routes/signup.ts
FN:21,(anonymous_8)
FN:21,(anonymous_9)
FNF:2
FNH:2
FNDA:4,(anonymous_8)
FNDA:4,(anonymous_9)
DA:1,1
DA:2,1
DA:3,1
DA:5,1
DA:6,1
DA:7,1
DA:9,1
DA:11,1
DA:21,4
DA:22,4
DA:24,4
DA:26,4
DA:27,1
DA:30,3
DA:31,3
DA:34,3
DA:43,3
DA:47,3
DA:51,1
LF:19
LH:19
BRDA:26,0,0,1
BRF:1
BRH:1
end_of_record
TN:
SF:src/services/password.ts
FN:7,(anonymous_7)
FN:14,(anonymous_9)
FNF:2
FNH:1
FNDA:3,(anonymous_7)
FNDA:0,(anonymous_9)
DA:1,1
DA:2,1
DA:4,1
DA:6,1
DA:8,3
DA:9,3
DA:11,3
DA:15,0
DA:16,0
DA:18,0
LF:10
LH:7
BRF:0
BRH:0
end_of_record
